<?xml version="1.0" encoding="UTF-8"?>
<beans xmlns="http://www.springframework.org/schema/beans"
	xmlns:aop="http://www.springframework.org/schema/aop" xmlns:context="http://www.springframework.org/schema/context"
	xmlns:jee="http://www.springframework.org/schema/jee" xmlns:tx="http://www.springframework.org/schema/tx"
	xmlns:xsi="http://www.w3.org/2001/XMLSchema-instance"
	xsi:schemaLocation="http://www.springframework.org/schema/aop
	   http://www.springframework.org/schema/aop/spring-aop-3.0.xsd
	   http://www.springframework.org/schema/beans
	   http://www.springframework.org/schema/beans/spring-beans-3.0.xsd
	   http://www.springframework.org/schema/context
	   http://www.springframework.org/schema/context/spring-context-3.0.xsd
	   http://www.springframework.org/schema/jee
	   http://www.springframework.org/schema/jee/spring-jee-3.0.xsd
	   http://www.springframework.org/schema/tx
	   http://www.springframework.org/schema/tx/spring-tx-3.0.xsd">

	<context:property-placeholder location="classpath*:database.properties" />	

	<context:annotation-config />
	<context:component-scan base-package="com.jacobheric"/>

	<bean class="org.apache.commons.dbcp.BasicDataSource" destroy-method="close" id="dataSource">
		<property name="driverClassName" value="${jdbc.mysql.driverClassName}" />
		<property name="url" value="${jdbc.mysql.url}" />
		<property name="username" value="${jdbc.mysql.username}" />
		<property name="password" value="${jdbc.mysql.password}" />
		<property name="initialSize" value="${dbcp.initialPoolSize}"/>
		<property name="maxActive" value="${dbcp.maxActiveConnections}"/>
		<property name="minIdle" value="${dbcp.minIdleConnections}"/>
	</bean>

	<bean id="sessionFactory"
	   class="org.springframework.orm.hibernate3.annotation.AnnotationSessionFactoryBean">
	   <property name="dataSource" ref="dataSource" />
	   <property name="packagesToScan">
	      <list>
	         <value>com.jacobheric.youbrew.domain</value>
	      </list>
	   </property>
	   <property name="hibernateProperties">
	      <props>
	         <prop key="hibernate.dialect">${hibernate.mysql.dialect}</prop>
	      </props>
	   </property>
	</bean>

	<bean id="transactionManager"
	   class="org.springframework.orm.hibernate3.HibernateTransactionManager">
	   <property name="sessionFactory">
			<ref bean="sessionFactory"/>
	   </property>
	</bean>

	<tx:annotation-driven transaction-manager="transactionManager" />

	<aop:aspectj-autoproxy/>

	<!-- A pointcut to apply transaction to relevant methods in our dao abstraction layer. -->
	<aop:config>
	  <aop:advisor
	      pointcut="execution(* com.jacobheric.youbrew.dao..*(..))"
	      advice-ref="tx-advice"/>
	</aop:config>

	<tx:advice id="tx-advice" transaction-manager="transactionManager">
	  <tx:attributes>
	    <tx:method name="insert" propagation="REQUIRED"/>
	    <tx:method name="update" propagation="REQUIRED"/>
	    <tx:method name="delete" propagation="REQUIRED"/>
	    <tx:method name="find*" read-only="true"/>
		<tx:method name="search" read-only="true"/>
	  </tx:attributes>
	</tx:advice>

</beans>
